<?xml version="1.0" encoding="UTF-8"?>
<testsuite xmlns:xsi="http://www.w3.org/2001/XMLSchema-instance" xsi:noNamespaceSchemaLocation="https://maven.apache.org/surefire/maven-surefire-plugin/xsd/surefire-test-report-3.0.xsd" version="3.0" name="TestCases" time="18.499" tests="1" errors="1" skipped="0" failures="0">
  <properties>
[...]
</properties>
  <testcase name="loginTest" classname="TestCases" time="16.129">
    <error message="Compound class names not permitted&#10;For documentation on this error, please visit: https://www.selenium.dev/documentation/webdriver/troubleshooting/errors#invalid-selector-exception&#10;Build info: version: &apos;4.31.0&apos;, revision: &apos;1ef9f18787*&apos;&#10;System info: os.name: &apos;Mac OS X&apos;, os.arch: &apos;aarch64&apos;, os.version: &apos;15.5&apos;, java.version: &apos;23.0.1&apos;&#10;Driver info: driver.version: unknown" type="org.openqa.selenium.InvalidSelectorException"><![CDATA[org.openqa.selenium.InvalidSelectorException: 
Compound class names not permitted
For documentation on this error, please visit: https://www.selenium.dev/documentation/webdriver/troubleshooting/errors#invalid-selector-exception
Build info: version: '4.31.0', revision: '1ef9f18787*'
System info: os.name: 'Mac OS X', os.arch: 'aarch64', os.version: '15.5', java.version: '23.0.1'
Driver info: driver.version: unknown
	at org.openqa.selenium.By$ByClassName.<init>(By.java:309)
	at org.openqa.selenium.By.className(By.java:100)
	at TestCases.loginTest(TestCases.java:51)
	at java.base/java.lang.reflect.Method.invoke(Method.java:580)
	at java.base/java.util.ArrayList.forEach(ArrayList.java:1597)
	at java.base/java.util.ArrayList.forEach(ArrayList.java:1597)
]]></error>
    <system-err><![CDATA[May 18, 2025 9:51:52 PM org.openqa.selenium.devtools.CdpVersionFinder findNearestMatch
WARNING: Unable to find an exact match for CDP version 136, returning the closest version; found: 135; Please update to a Selenium version that supports CDP version 136
Test completed
]]></system-err>
  </testcase>
</testsuite>